Case #1:
Impossible
Case #2:
c....
.....
...**
...**
Case #3:
c...
....
....
....
....
Case #4:
c
.
*
*
*
Case #5:
c..**
...**
*****
*****
Case #6:
c...
....
....
Case #7:
c....
.....
....*
*****
Case #8:
c...
....
....
...*
...*
Case #9:
Impossible
Case #10:
c....
.....
..***
*****
Case #11:
Impossible
Case #12:
c...*
....*
*****
*****
Case #13:
Impossible
Case #14:
c.*
..*
Case #15:
Impossible
Case #16:
c.**
..**
****
****
Case #17:
Impossible
Case #18:
c.
..
**
**
Case #19:
Impossible
Case #20:
c...
....
....
....
...*
Case #21:
Impossible
Case #22:
c.
..
..
..
..
Case #23:
c....
.....
....*
Case #24:
Impossible
Case #25:
c....
.....
...**
Case #26:
c.
..
..
..
**
Case #27:
Impossible
Case #28:
Impossible
Case #29:
Impossible
Case #30:
c.
..
**
Case #31:
Impossible
Case #32:
c.
..
..
..
Case #33:
c....
.....
..***
*****
*****
Case #34:
Impossible
Case #35:
Impossible
Case #36:
Impossible
Case #37:
Impossible
Case #38:
c
.
*
Case #39:
Impossible
Case #40:
c..
...
...
..*
Case #41:
c
.
.
.
Case #42:
c.***
..***
*****
*****
Case #43:
c..*
...*
...*
..**
..**
Case #44:
c
Case #45:
Impossible
Case #46:
c.*
..*
***
Case #47:
Impossible
Case #48:
c..**
...**
*****
Case #49:
c...
....
...*
Case #50:
c..
...
...
...
Case #51:
Impossible
Case #52:
Impossible
Case #53:
c....
.....
.....
....*
Case #54:
Impossible
Case #55:
c....
.....
.....
.....
...**
Case #56:
c..*
...*
****
Case #57:
c..*
...*
...*
****
****
Case #58:
c..*
...*
...*
****
Case #59:
Impossible
Case #60:
c...
....
....
....
Case #61:
c..
...
...
***
Case #62:
Impossible
Case #63:
Impossible
Case #64:
Impossible
Case #65:
c..
...
...
...
...
Case #66:
c..
...
..*
Case #67:
c...
....
****
****
****
Case #68:
c..
...
***
***
Case #69:
c....
.....
*****
*****
*****
Case #70:
Impossible
Case #71:
c..
...
...
***
***
Case #72:
Impossible
Case #73:
Impossible
Case #74:
Impossible
Case #75:
c
.
Case #76:
c..
...
...
Case #77:
c..*
Case #78:
c.
..
Case #79:
c..*
...*
****
****
Case #80:
c..
...
...
...
***
Case #81:
Impossible
Case #82:
c..**
...**
...**
*****
*****
Case #83:
c...
....
****
****
Case #84:
c....
.....
.....
....*
*****
Case #85:
Impossible
Case #86:
c
.
.
*
Case #87:
c...
....
....
****
Case #88:
Impossible
Case #89:
c....
.....
.....
Case #90:
c...
....
...*
...*
****
Case #91:
c.**
Case #92:
c.***
..***
Case #93:
Impossible
Case #94:
Impossible
Case #95:
Impossible
Case #96:
Impossible
Case #97:
c
.
.
*
*
Case #98:
Impossible
Case #99:
c.***
Case #100:
Impossible
Case #101:
Impossible
Case #102:
Impossible
Case #103:
Impossible
Case #104:
Impossible
Case #105:
c...*
....*
....*
...**
Case #106:
c...
....
..**
Case #107:
Impossible
Case #108:
c...
....
....
...*
Case #109:
c..**
...**
*****
*****
*****
Case #110:
c...*
....*
*****
Case #111:
c..
Case #112:
c...
....
....
...*
****
Case #113:
Impossible
Case #114:
c.**
..**
****
****
****
Case #115:
Impossible
Case #116:
Impossible
Case #117:
Impossible
Case #118:
c...
Case #119:
c...
....
....
...*
..**
Case #120:
c....
.....
Case #121:
c....
.....
*****
Case #122:
c....
.....
.....
...**
*****
Case #123:
c..*
...*
...*
Case #124:
Impossible
Case #125:
c.
..
**
**
**
Case #126:
c..**
...**
Case #127:
c.***
..***
*****
Case #128:
c..
...
...
...
..*
Case #129:
c....
.....
*****
*****
Case #130:
Impossible
Case #131:
c...*
....*
*****
*****
*****
Case #132:
c..**
...**
...**
Case #133:
Impossible
Case #134:
c..
...
..*
***
***
Case #135:
Impossible
Case #136:
c..**
Case #137:
Impossible
Case #138:
Impossible
Case #139:
Impossible
Case #140:
Impossible
Case #141:
Impossible
Case #142:
c...
....
Case #143:
c....
.....
....*
...**
Case #144:
c...
....
...*
****
Case #145:
c....
.....
.....
....*
...**
Case #146:
c.**
..**
****
Case #147:
Impossible
Case #148:
c.
..
..
Case #149:
c...*
....*
...**
*****
Case #150:
c...*
....*
...**
Case #151:
c....
.....
....*
*****
*****
Case #152:
c...*
....*
...**
*****
*****
Case #153:
c
.
.
Case #154:
Impossible
Case #155:
c..
...
..*
***
Case #156:
Impossible
Case #157:
c..
...
Case #158:
c.**
..**
Case #159:
c....
.....
.....
.....
Case #160:
c....
.....
.....
...**
Case #161:
c.
Case #162:
c..
...
***
***
***
Case #163:
c..
...
...
..*
***
Case #164:
Impossible
Case #165:
Impossible
Case #166:
c....
.....
...**
...**
*****
Case #167:
Impossible
Case #168:
c..
...
...
..*
..*
Case #169:
Impossible
Case #170:
c.*
..*
***
***
Case #171:
Impossible
Case #172:
Impossible
Case #173:
c.
..
..
**
**
Case #174:
Impossible
Case #175:
Impossible
Case #176:
c....
.....
...**
*****
*****
Case #177:
c.*
..*
..*
..*
..*
Case #178:
Impossible
Case #179:
c..*
...*
Case #180:
Impossible
Case #181:
Impossible
Case #182:
c.
..
..
**
Case #183:
Impossible
Case #184:
c..**
...**
...**
*****
Case #185:
c
.
.
.
*
Case #186:
Impossible
Case #187:
c....
.....
...**
*****
Case #188:
Impossible
Case #189:
c....
.....
.....
...**
...**
Case #190:
Impossible
Case #191:
Impossible
Case #192:
c.***
..***
*****
*****
*****
Case #193:
c..*
...*
****
****
****
Case #194:
c...*
....*
Case #195:
c...
....
...*
...*
Case #196:
c....
Case #197:
c.*
..*
***
***
***
Case #198:
c
.
.
.
.
Case #199:
Impossible
Case #200:
c..
...
***
Case #201:
Impossible
Case #202:
c...
....
..**
****
****
Case #203:
Impossible
Case #204:
c...
....
..**
****
Case #205:
c
.
*
*
Case #206:
Impossible
Case #207:
Impossible
Case #208:
c...
....
....
****
****
Case #209:
c...
....
...*
****
****
Case #210:
c.*
Case #211:
Impossible
Case #212:
c....
.....
.....
.....
....*
Case #213:
c...*
Case #214:
Impossible
Case #215:
Impossible
Case #216:
c...
....
****
Case #217:
c..
...
..*
..*
Case #218:
c....
.....
..***
Case #219:
Impossible
Case #220:
Impossible
Case #221:
Impossible
Case #222:
c...
....
....
....
****
Case #223:
c....
.....
....*
...**
*****
Case #224:
Impossible
Case #225:
Impossible
