Case #1: 10 4
Case #2: 6 6
Case #3: 8 4
Case #4: 1 0
Case #5: 7 2
Case #6: 0 0
Case #7: 0 0
Case #8: 7 2
Case #9: 5 1
Case #10: 1 0
Case #11: 8 3
Case #12: 0 0
Case #13: 0 0
Case #14: 3 3
Case #15: 5 1
Case #16: 7 1
Case #17: 4 1
Case #18: 0 0
Case #19: 10 10
Case #20: 7 7
Case #21: 7 1
Case #22: 10 4
Case #23: 6 2
Case #24: 9 4
Case #25: 10 3
Case #26: 8 3
Case #27: 9 4
Case #28: 8 8
Case #29: 0 0
Case #30: 8 2
Case #31: 0 0
Case #32: 6 2
Case #33: 8 2
Case #34: 8 2
Case #35: 8 3
Case #36: 7 1
Case #37: 10 10
Case #38: 0 0
Case #39: 3 2
Case #40: 10 6
Case #41: 8 1
Case #42: 6 1
Case #43: 0 0
Case #44: 6 1
Case #45: 4 2
Case #46: 0 0
Case #47: 9 5
Case #48: 5 2
Case #49: 1 1
Case #50: 7 2
